Flow report for lab8
Tue Nov 17 21:08:13 2015
Quartus II 64-Bit Version 14.1.0 Build 186 12/03/2014 SJ Web Edition


---------------------
; Table of Contents ;
---------------------
  1. Legal Notice
  2. Flow Summary
  3. Flow Settings
  4. Flow Non-Default Global Settings
  5. Flow Elapsed Time
  6. Flow OS Summary
  7. Flow Log
  8. Flow Messages
  9. Flow Suppressed Messages



----------------
; Legal Notice ;
----------------
Copyright (C) 1991-2014 Altera Corporation. All rights reserved.
Your use of Altera Corporation's design tools, logic functions 
and other software and tools, and its AMPP partner logic 
functions, and any output files from any of the foregoing 
(including device programming or simulation files), and any 
associated documentation or information are expressly subject 
to the terms and conditions of the Altera Program License 
Subscription Agreement, the Altera Quartus II License Agreement,
the Altera MegaCore Function License Agreement, or other 
applicable license agreement, including, without limitation, 
that your use is for the sole purpose of programming logic 
devices manufactured by Altera and sold by Altera or its 
authorized distributors.  Please refer to the applicable 
agreement for further details.



+---------------------------------------------------------------------------------+
; Flow Summary                                                                    ;
+------------------------------------+--------------------------------------------+
; Flow Status                        ; Successful - Tue Nov 17 21:08:04 2015      ;
; Quartus II 64-Bit Version          ; 14.1.0 Build 186 12/03/2014 SJ Web Edition ;
; Revision Name                      ; lab8                                       ;
; Top-level Entity Name              ; lab8                                       ;
; Family                             ; Cyclone IV E                               ;
; Device                             ; EP4CE115F29C7                              ;
; Timing Models                      ; Final                                      ;
; Total logic elements               ; 3,805 / 114,480 ( 3 % )                    ;
;     Total combinational functions  ; 3,115 / 114,480 ( 3 % )                    ;
;     Dedicated logic registers      ; 2,472 / 114,480 ( 2 % )                    ;
; Total registers                    ; 2591                                       ;
; Total pins                         ; 157 / 529 ( 30 % )                         ;
; Total virtual pins                 ; 0                                          ;
; Total memory bits                  ; 13,440 / 3,981,312 ( < 1 % )               ;
; Embedded Multiplier 9-bit elements ; 4 / 532 ( < 1 % )                          ;
; Total PLLs                         ; 1 / 4 ( 25 % )                             ;
+------------------------------------+--------------------------------------------+


+-----------------------------------------+
; Flow Settings                           ;
+-------------------+---------------------+
; Option            ; Setting             ;
+-------------------+---------------------+
; Start date & time ; 11/17/2015 21:05:49 ;
; Main task         ; Compilation         ;
; Revision Name     ; lab8                ;
+-------------------+---------------------+


+----------------------------------------------------------------------------------------------------------------------------------------------------+
; Flow Non-Default Global Settings                                                                                                                   ;
+-------------------------------------+---------------------------------------------------------------+---------------+-----------------+------------+
; Assignment Name                     ; Value                                                         ; Default Value ; Entity Name     ; Section Id ;
+-------------------------------------+---------------------------------------------------------------+---------------+-----------------+------------+
; COMPILER_SIGNATURE_ID               ; 66619483893421.144781594909768                                ; --            ; --              ; --         ;
; FLOW_ENABLE_POWER_ANALYZER          ; On                                                            ; Off           ; --              ; --         ;
; MAX_CORE_JUNCTION_TEMP              ; 85                                                            ; --            ; --              ; --         ;
; MIN_CORE_JUNCTION_TEMP              ; 0                                                             ; --            ; --              ; --         ;
; MISC_FILE                           ; nios_system/synthesis/../nios_system.cmp                      ; --            ; --              ; --         ;
; MISC_FILE                           ; nios_system/synthesis/../../nios_system.qsys                  ; --            ; --              ; --         ;
; PARTITION_COLOR                     ; 16764057                                                      ; --            ; DE2_115_Default ; Top        ;
; PARTITION_COLOR                     ; 16764057                                                      ; --            ; --              ; Top        ;
; PARTITION_FITTER_PRESERVATION_LEVEL ; PLACEMENT_AND_ROUTING                                         ; --            ; DE2_115_Default ; Top        ;
; PARTITION_FITTER_PRESERVATION_LEVEL ; PLACEMENT_AND_ROUTING                                         ; --            ; --              ; Top        ;
; PARTITION_NETLIST_TYPE              ; SOURCE                                                        ; --            ; DE2_115_Default ; Top        ;
; PARTITION_NETLIST_TYPE              ; SOURCE                                                        ; --            ; --              ; Top        ;
; POWER_BOARD_THERMAL_MODEL           ; None (CONSERVATIVE)                                           ; --            ; --              ; --         ;
; POWER_DEFAULT_INPUT_IO_TOGGLE_RATE  ; 12.5 %                                                        ; 12.5%         ; --              ; --         ;
; POWER_PRESET_COOLING_SOLUTION       ; 23 MM HEAT SINK WITH 200 LFPM AIRFLOW                         ; --            ; --              ; --         ;
; SLD_FILE                            ; nios_system/synthesis/nios_system.regmap                      ; --            ; --              ; --         ;
; SLD_FILE                            ; nios_system/synthesis/nios_system.debuginfo                   ; --            ; --              ; --         ;
; SLD_INFO                            ; QSYS_NAME nios_system HAS_SOPCINFO 1 GENERATION_ID 1447815554 ; --            ; nios_system     ; --         ;
; SOPCINFO_FILE                       ; nios_system/synthesis/../../nios_system.sopcinfo              ; --            ; --              ; --         ;
; SYNTHESIS_ONLY_QIP                  ; On                                                            ; --            ; --              ; --         ;
+-------------------------------------+---------------------------------------------------------------+---------------+-----------------+------------+


+-------------------------------------------------------------------------------------------------------------------------------+
; Flow Elapsed Time                                                                                                             ;
+---------------------------+--------------+-------------------------+---------------------+------------------------------------+
; Module Name               ; Elapsed Time ; Average Processors Used ; Peak Virtual Memory ; Total CPU Time (on all processors) ;
+---------------------------+--------------+-------------------------+---------------------+------------------------------------+
; Analysis & Synthesis      ; 00:01:02     ; 1.0                     ; 846 MB              ; 00:01:42                           ;
; Fitter                    ; 00:00:37     ; 1.2                     ; 1378 MB             ; 00:00:44                           ;
; Assembler                 ; 00:00:06     ; 1.0                     ; 612 MB              ; 00:00:06                           ;
; PowerPlay Power Analyzer  ; 00:00:16     ; 1.1                     ; 774 MB              ; 00:00:16                           ;
; TimeQuest Timing Analyzer ; 00:00:06     ; 1.0                     ; 786 MB              ; 00:00:06                           ;
; Total                     ; 00:02:07     ; --                      ; --                  ; 00:02:54                           ;
+---------------------------+--------------+-------------------------+---------------------+------------------------------------+


+----------------------------------------------------------------------------------------+
; Flow OS Summary                                                                        ;
+---------------------------+------------------+-----------+------------+----------------+
; Module Name               ; Machine Hostname ; OS Name   ; OS Version ; Processor type ;
+---------------------------+------------------+-----------+------------+----------------+
; Analysis & Synthesis      ; Kevin-Laptop     ; Windows 7 ; 6.2        ; x86_64         ;
; Fitter                    ; Kevin-Laptop     ; Windows 7 ; 6.2        ; x86_64         ;
; Assembler                 ; Kevin-Laptop     ; Windows 7 ; 6.2        ; x86_64         ;
; PowerPlay Power Analyzer  ; Kevin-Laptop     ; Windows 7 ; 6.2        ; x86_64         ;
; TimeQuest Timing Analyzer ; Kevin-Laptop     ; Windows 7 ; 6.2        ; x86_64         ;
+---------------------------+------------------+-----------+------------+----------------+


------------
; Flow Log ;
------------
quartus_map --read_settings_files=on --write_settings_files=off lab8 -c lab8
quartus_fit --read_settings_files=off --write_settings_files=off lab8 -c lab8
quartus_asm --read_settings_files=off --write_settings_files=off lab8 -c lab8
quartus_pow --read_settings_files=off --write_settings_files=off lab8 -c lab8
quartus_sta lab8 -c lab8



